<?xml version="1.0" encoding="UTF-8"?>
<!-- Generated by org.testng.reporters.JUnitReportReporter -->
<testsuite hostname="user-ПК" name="kz.uib.parking.model.UUIDTest" tests="2" failures="0" timestamp="29 Nov 2017 05:35:54 GMT" time="0.031" errors="0">
  <testcase name="testUserUUID" time="0.000" classname="kz.uib.parking.model.UUIDTest"/>
  <testcase name="testTokenUUID" time="0.031" classname="kz.uib.parking.model.UUIDTest"/>
</testsuite> <!-- kz.uib.parking.model.UUIDTest -->
